<?xml version="1.0" encoding="UTF-8"?>
<!-- Generated by org.testng.reporters.JUnitReportReporter -->
<testsuite hostname="LTIN272303" failures="0" tests="1" name="mainproject.Main" time="0.019" errors="0" timestamp="2024-02-08T15:37:11 IST" skipped="0">
  <testcase classname="mainproject.Main" name="M1" time="0.019"/>
</testsuite> <!-- mainproject.Main -->
